Analysis & Synthesis report for servoMotorPWM
Wed Jul 17 15:35:03 2024
Quartus Prime Version 23.1std.0 Build 991 11/28/2023 SC Lite Edition


---------------------
; Table of Contents ;
---------------------
  1. Legal Notice
  2. Analysis & Synthesis Summary
  3. Analysis & Synthesis Settings
  4. Parallel Compilation
  5. Analysis & Synthesis Source Files Read
  6. Analysis & Synthesis Resource Usage Summary
  7. Analysis & Synthesis Resource Utilization by Entity
  8. General Register Statistics
  9. Inverted Register Statistics
 10. Post-Synthesis Netlist Statistics for Top Partition
 11. Elapsed Time Per Partition
 12. Analysis & Synthesis Messages



----------------
; Legal Notice ;
----------------
Copyright (C) 2023  Intel Corporation. All rights reserved.
Your use of Intel Corporation's design tools, logic functions 
and other software and tools, and any partner logic 
functions, and any output files from any of the foregoing 
(including device programming or simulation files), and any 
associated documentation or information are expressly subject 
to the terms and conditions of the Intel Program License 
Subscription Agreement, the Intel Quartus Prime License Agreement,
the Intel FPGA IP License Agreement, or other applicable license
agreement, including, without limitation, that your use is for
the sole purpose of programming logic devices manufactured by
Intel and sold by Intel or its authorized distributors.  Please
refer to the applicable agreement for further details, at
https://fpgasoftware.intel.com/eula.



+-------------------------------------------------------------------------------------+
; Analysis & Synthesis Summary                                                        ;
+------------------------------------+------------------------------------------------+
; Analysis & Synthesis Status        ; Successful - Wed Jul 17 15:35:03 2024          ;
; Quartus Prime Version              ; 23.1std.0 Build 991 11/28/2023 SC Lite Edition ;
; Revision Name                      ; servoMotorPWM                                  ;
; Top-level Entity Name              ; servoMotorPWM                                  ;
; Family                             ; Cyclone IV E                                   ;
; Total logic elements               ; 93                                             ;
;     Total combinational functions  ; 93                                             ;
;     Dedicated logic registers      ; 25                                             ;
; Total registers                    ; 25                                             ;
; Total pins                         ; 22                                             ;
; Total virtual pins                 ; 0                                              ;
; Total memory bits                  ; 0                                              ;
; Embedded Multiplier 9-bit elements ; 0                                              ;
; Total PLLs                         ; 0                                              ;
+------------------------------------+------------------------------------------------+


+------------------------------------------------------------------------------------------------------------+
; Analysis & Synthesis Settings                                                                              ;
+------------------------------------------------------------------+--------------------+--------------------+
; Option                                                           ; Setting            ; Default Value      ;
+------------------------------------------------------------------+--------------------+--------------------+
; Device                                                           ; EP4CE22E22C6       ;                    ;
; Top-level entity name                                            ; servoMotorPWM      ; servoMotorPWM      ;
; Family name                                                      ; Cyclone IV E       ; Cyclone V          ;
; Use smart compilation                                            ; Off                ; Off                ;
; Enable parallel Assembler and Timing Analyzer during compilation ; On                 ; On                 ;
; Enable compact report table                                      ; Off                ; Off                ;
; Restructure Multiplexers                                         ; Auto               ; Auto               ;
; Create Debugging Nodes for IP Cores                              ; Off                ; Off                ;
; Preserve fewer node names                                        ; On                 ; On                 ;
; Intel FPGA IP Evaluation Mode                                    ; Enable             ; Enable             ;
; Verilog Version                                                  ; Verilog_2001       ; Verilog_2001       ;
; VHDL Version                                                     ; VHDL_1993          ; VHDL_1993          ;
; State Machine Processing                                         ; Auto               ; Auto               ;
; Safe State Machine                                               ; Off                ; Off                ;
; Extract Verilog State Machines                                   ; On                 ; On                 ;
; Extract VHDL State Machines                                      ; On                 ; On                 ;
; Ignore Verilog initial constructs                                ; Off                ; Off                ;
; Iteration limit for constant Verilog loops                       ; 5000               ; 5000               ;
; Iteration limit for non-constant Verilog loops                   ; 250                ; 250                ;
; Add Pass-Through Logic to Inferred RAMs                          ; On                 ; On                 ;
; Infer RAMs from Raw Logic                                        ; On                 ; On                 ;
; Parallel Synthesis                                               ; On                 ; On                 ;
; DSP Block Balancing                                              ; Auto               ; Auto               ;
; NOT Gate Push-Back                                               ; On                 ; On                 ;
; Power-Up Don't Care                                              ; On                 ; On                 ;
; Remove Redundant Logic Cells                                     ; Off                ; Off                ;
; Remove Duplicate Registers                                       ; On                 ; On                 ;
; Ignore CARRY Buffers                                             ; Off                ; Off                ;
; Ignore CASCADE Buffers                                           ; Off                ; Off                ;
; Ignore GLOBAL Buffers                                            ; Off                ; Off                ;
; Ignore ROW GLOBAL Buffers                                        ; Off                ; Off                ;
; Ignore LCELL Buffers                                             ; Off                ; Off                ;
; Ignore SOFT Buffers                                              ; On                 ; On                 ;
; Limit AHDL Integers to 32 Bits                                   ; Off                ; Off                ;
; Optimization Technique                                           ; Balanced           ; Balanced           ;
; Carry Chain Length                                               ; 70                 ; 70                 ;
; Auto Carry Chains                                                ; On                 ; On                 ;
; Auto Open-Drain Pins                                             ; On                 ; On                 ;
; Perform WYSIWYG Primitive Resynthesis                            ; Off                ; Off                ;
; Auto ROM Replacement                                             ; On                 ; On                 ;
; Auto RAM Replacement                                             ; On                 ; On                 ;
; Auto DSP Block Replacement                                       ; On                 ; On                 ;
; Auto Shift Register Replacement                                  ; Auto               ; Auto               ;
; Allow Shift Register Merging across Hierarchies                  ; Auto               ; Auto               ;
; Auto Clock Enable Replacement                                    ; On                 ; On                 ;
; Strict RAM Replacement                                           ; Off                ; Off                ;
; Allow Synchronous Control Signals                                ; On                 ; On                 ;
; Force Use of Synchronous Clear Signals                           ; Off                ; Off                ;
; Auto RAM Block Balancing                                         ; On                 ; On                 ;
; Auto RAM to Logic Cell Conversion                                ; Off                ; Off                ;
; Auto Resource Sharing                                            ; Off                ; Off                ;
; Allow Any RAM Size For Recognition                               ; Off                ; Off                ;
; Allow Any ROM Size For Recognition                               ; Off                ; Off                ;
; Allow Any Shift Register Size For Recognition                    ; Off                ; Off                ;
; Use LogicLock Constraints during Resource Balancing              ; On                 ; On                 ;
; Ignore translate_off and synthesis_off directives                ; Off                ; Off                ;
; Timing-Driven Synthesis                                          ; On                 ; On                 ;
; Report Parameter Settings                                        ; On                 ; On                 ;
; Report Source Assignments                                        ; On                 ; On                 ;
; Report Connectivity Checks                                       ; On                 ; On                 ;
; Ignore Maximum Fan-Out Assignments                               ; Off                ; Off                ;
; Synchronization Register Chain Length                            ; 2                  ; 2                  ;
; Power Optimization During Synthesis                              ; Normal compilation ; Normal compilation ;
; HDL message level                                                ; Level2             ; Level2             ;
; Suppress Register Optimization Related Messages                  ; Off                ; Off                ;
; Number of Removed Registers Reported in Synthesis Report         ; 5000               ; 5000               ;
; Number of Swept Nodes Reported in Synthesis Report               ; 5000               ; 5000               ;
; Number of Inverted Registers Reported in Synthesis Report        ; 100                ; 100                ;
; Clock MUX Protection                                             ; On                 ; On                 ;
; Auto Gated Clock Conversion                                      ; Off                ; Off                ;
; Block Design Naming                                              ; Auto               ; Auto               ;
; SDC constraint protection                                        ; Off                ; Off                ;
; Synthesis Effort                                                 ; Auto               ; Auto               ;
; Shift Register Replacement - Allow Asynchronous Clear Signal     ; On                 ; On                 ;
; Pre-Mapping Resynthesis Optimization                             ; Off                ; Off                ;
; Analysis & Synthesis Message Level                               ; Medium             ; Medium             ;
; Disable Register Merging Across Hierarchies                      ; Auto               ; Auto               ;
; Resource Aware Inference For Block RAM                           ; On                 ; On                 ;
+------------------------------------------------------------------+--------------------+--------------------+


+------------------------------------------+
; Parallel Compilation                     ;
+----------------------------+-------------+
; Processors                 ; Number      ;
+----------------------------+-------------+
; Number detected on machine ; 8           ;
; Maximum allowed            ; 8           ;
;                            ;             ;
; Average used               ; 1.00        ;
; Maximum used               ; 8           ;
;                            ;             ;
; Usage by Processor         ; % Time Used ;
;     Processor 1            ; 100.0%      ;
;     Processors 2-8         ;   0.0%      ;
+----------------------------+-------------+


+------------------------------------------------------------------------------------------------------------------------------------------------+
; Analysis & Synthesis Source Files Read                                                                                                         ;
+----------------------------------+-----------------+-----------------+---------------------------------------------------------------+---------+
; File Name with User-Entered Path ; Used in Netlist ; File Type       ; File Name with Absolute Path                                  ; Library ;
+----------------------------------+-----------------+-----------------+---------------------------------------------------------------+---------+
; servoMotorPWM.vhd                ; yes             ; User VHDL File  ; C:/Users/frede/Desktop/PWM/controlIntervals/servoMotorPWM.vhd ;         ;
+----------------------------------+-----------------+-----------------+---------------------------------------------------------------+---------+


+---------------------------------------------------------+
; Analysis & Synthesis Resource Usage Summary             ;
+---------------------------------------------+-----------+
; Resource                                    ; Usage     ;
+---------------------------------------------+-----------+
; Estimated Total logic elements              ; 93        ;
;                                             ;           ;
; Total combinational functions               ; 93        ;
; Logic element usage by number of LUT inputs ;           ;
;     -- 4 input functions                    ; 48        ;
;     -- 3 input functions                    ; 4         ;
;     -- <=2 input functions                  ; 41        ;
;                                             ;           ;
; Logic elements by mode                      ;           ;
;     -- normal mode                          ; 71        ;
;     -- arithmetic mode                      ; 22        ;
;                                             ;           ;
; Total registers                             ; 25        ;
;     -- Dedicated logic registers            ; 25        ;
;     -- I/O registers                        ; 0         ;
;                                             ;           ;
; I/O pins                                    ; 22        ;
;                                             ;           ;
; Embedded Multiplier 9-bit elements          ; 0         ;
;                                             ;           ;
; Maximum fan-out node                        ; rst~input ;
; Maximum fan-out                             ; 38        ;
; Total fan-out                               ; 382       ;
; Average fan-out                             ; 2.36      ;
+---------------------------------------------+-----------+


+------------------------------------------------------------------------------------------------------------------------------------------------------------------------------------------------------------+
; Analysis & Synthesis Resource Utilization by Entity                                                                                                                                                        ;
+----------------------------+---------------------+---------------------------+-------------+--------------+---------+-----------+------+--------------+---------------------+---------------+--------------+
; Compilation Hierarchy Node ; Combinational ALUTs ; Dedicated Logic Registers ; Memory Bits ; DSP Elements ; DSP 9x9 ; DSP 18x18 ; Pins ; Virtual Pins ; Full Hierarchy Name ; Entity Name   ; Library Name ;
+----------------------------+---------------------+---------------------------+-------------+--------------+---------+-----------+------+--------------+---------------------+---------------+--------------+
; |servoMotorPWM             ; 93 (93)             ; 25 (25)                   ; 0           ; 0            ; 0       ; 0         ; 22   ; 0            ; |servoMotorPWM      ; servoMotorPWM ; work         ;
+----------------------------+---------------------+---------------------------+-------------+--------------+---------+-----------+------+--------------+---------------------+---------------+--------------+
Note: For table entries with two numbers listed, the numbers in parentheses indicate the number of resources of the given type used by the specific entity alone. The numbers listed outside of parentheses indicate the total resources of the given type used by the specific entity and all of its sub-entities in the hierarchy.


+------------------------------------------------------+
; General Register Statistics                          ;
+----------------------------------------------+-------+
; Statistic                                    ; Value ;
+----------------------------------------------+-------+
; Total registers                              ; 25    ;
; Number of registers using Synchronous Clear  ; 0     ;
; Number of registers using Synchronous Load   ; 0     ;
; Number of registers using Asynchronous Clear ; 25    ;
; Number of registers using Asynchronous Load  ; 0     ;
; Number of registers using Clock Enable       ; 0     ;
; Number of registers using Preset             ; 0     ;
+----------------------------------------------+-------+


+---------------------------------------------------+
; Inverted Register Statistics                      ;
+-----------------------------------------+---------+
; Inverted Register                       ; Fan out ;
+-----------------------------------------+---------+
; cnt[7]                                  ; 3       ;
; cnt[11]                                 ; 2       ;
; cnt[10]                                 ; 2       ;
; cnt[9]                                  ; 2       ;
; cnt[8]                                  ; 2       ;
; cnt[6]                                  ; 3       ;
; cnt[5]                                  ; 3       ;
; cnt[2]                                  ; 4       ;
; cnt[4]                                  ; 4       ;
; cnt[3]                                  ; 4       ;
; cnt[1]                                  ; 5       ;
; cnt[0]                                  ; 3       ;
; Total number of inverted registers = 12 ;         ;
+-----------------------------------------+---------+


+-----------------------------------------------------+
; Post-Synthesis Netlist Statistics for Top Partition ;
+-----------------------+-----------------------------+
; Type                  ; Count                       ;
+-----------------------+-----------------------------+
; boundary_port         ; 22                          ;
; cycloneiii_ff         ; 25                          ;
;     CLR               ; 25                          ;
; cycloneiii_lcell_comb ; 97                          ;
;     arith             ; 22                          ;
;         2 data inputs ; 22                          ;
;     normal            ; 75                          ;
;         0 data inputs ; 2                           ;
;         1 data inputs ; 11                          ;
;         2 data inputs ; 10                          ;
;         3 data inputs ; 4                           ;
;         4 data inputs ; 48                          ;
;                       ;                             ;
; Max LUT depth         ; 10.00                       ;
; Average LUT depth     ; 4.73                        ;
+-----------------------+-----------------------------+


+-------------------------------+
; Elapsed Time Per Partition    ;
+----------------+--------------+
; Partition Name ; Elapsed Time ;
+----------------+--------------+
; Top            ; 00:00:01     ;
+----------------+--------------+


+-------------------------------+
; Analysis & Synthesis Messages ;
+-------------------------------+
Info: *******************************************************************
Info: Running Quartus Prime Analysis & Synthesis
    Info: Version 23.1std.0 Build 991 11/28/2023 SC Lite Edition
    Info: Processing started: Wed Jul 17 15:34:42 2024
Info: Command: quartus_map --read_settings_files=on --write_settings_files=off servoMotorPWM -c servoMotorPWM
Warning (18236): Number of processors has not been specified which may cause overloading on shared machines.  Set the global assignment NUM_PARALLEL_PROCESSORS in your QSF to an appropriate value for best performance.
Info (20030): Parallel compilation is enabled and will use 8 of the 8 processors detected
Info (12021): Found 2 design units, including 1 entities, in source file servomotorpwm.vhd
    Info (12022): Found design unit 1: servoMotorPWM-Hardware File: C:/Users/frede/Desktop/PWM/controlIntervals/servoMotorPWM.vhd Line: 29
    Info (12023): Found entity 1: servoMotorPWM File: C:/Users/frede/Desktop/PWM/controlIntervals/servoMotorPWM.vhd Line: 14
Info (12127): Elaborating entity "servoMotorPWM" for the top level hierarchy
Info (13000): Registers with preset signals will power-up high File: C:/Users/frede/Desktop/PWM/controlIntervals/servoMotorPWM.vhd Line: 128
Info (13003): DEV_CLRn pin will set, and not reset, register with preset signal due to NOT Gate Push-Back
Warning (13024): Output pins are stuck at VCC or GND
    Warning (13410): Pin "display[0]" is stuck at GND File: C:/Users/frede/Desktop/PWM/controlIntervals/servoMotorPWM.vhd Line: 22
    Warning (13410): Pin "display[1]" is stuck at VCC File: C:/Users/frede/Desktop/PWM/controlIntervals/servoMotorPWM.vhd Line: 22
    Warning (13410): Pin "display[2]" is stuck at VCC File: C:/Users/frede/Desktop/PWM/controlIntervals/servoMotorPWM.vhd Line: 22
    Warning (13410): Pin "display[3]" is stuck at VCC File: C:/Users/frede/Desktop/PWM/controlIntervals/servoMotorPWM.vhd Line: 22
Info (286030): Timing-Driven Synthesis is running
Critical Warning (18061): Ignored Power-Up Level option on the following registers
    Critical Warning (18010): Register cnt[7] will power up to High File: C:/Users/frede/Desktop/PWM/controlIntervals/servoMotorPWM.vhd Line: 128
    Critical Warning (18010): Register cnt[4] will power up to High File: C:/Users/frede/Desktop/PWM/controlIntervals/servoMotorPWM.vhd Line: 128
    Critical Warning (18010): Register cnt[3] will power up to High File: C:/Users/frede/Desktop/PWM/controlIntervals/servoMotorPWM.vhd Line: 128
    Critical Warning (18010): Register cnt[2] will power up to High File: C:/Users/frede/Desktop/PWM/controlIntervals/servoMotorPWM.vhd Line: 128
    Critical Warning (18010): Register cnt[1] will power up to High File: C:/Users/frede/Desktop/PWM/controlIntervals/servoMotorPWM.vhd Line: 128
    Critical Warning (18010): Register cnt[0] will power up to High File: C:/Users/frede/Desktop/PWM/controlIntervals/servoMotorPWM.vhd Line: 128
    Critical Warning (18010): Register cnt[11] will power up to High File: C:/Users/frede/Desktop/PWM/controlIntervals/servoMotorPWM.vhd Line: 128
    Critical Warning (18010): Register cnt[10] will power up to High File: C:/Users/frede/Desktop/PWM/controlIntervals/servoMotorPWM.vhd Line: 128
    Critical Warning (18010): Register cnt[9] will power up to High File: C:/Users/frede/Desktop/PWM/controlIntervals/servoMotorPWM.vhd Line: 128
    Critical Warning (18010): Register cnt[8] will power up to High File: C:/Users/frede/Desktop/PWM/controlIntervals/servoMotorPWM.vhd Line: 128
    Critical Warning (18010): Register cnt[6] will power up to High File: C:/Users/frede/Desktop/PWM/controlIntervals/servoMotorPWM.vhd Line: 128
    Critical Warning (18010): Register cnt[5] will power up to High File: C:/Users/frede/Desktop/PWM/controlIntervals/servoMotorPWM.vhd Line: 128
Info (16010): Generating hard_block partition "hard_block:auto_generated_inst"
    Info (16011): Adding 0 node(s), including 0 DDIO, 0 PLL, 0 transceiver and 0 LCELL
Info (21057): Implemented 115 device resources after synthesis - the final resource count might be different
    Info (21058): Implemented 10 input pins
    Info (21059): Implemented 12 output pins
    Info (21061): Implemented 93 logic cells
Info: Quartus Prime Analysis & Synthesis was successful. 0 errors, 19 warnings
    Info: Peak virtual memory: 4840 megabytes
    Info: Processing ended: Wed Jul 17 15:35:03 2024
    Info: Elapsed time: 00:00:21
    Info: Total CPU time (on all processors): 00:00:25


